<?xml version="1.0" encoding="UTF-8"?>
<!-- Generated by org.testng.reporters.JUnitXMLReporter -->
<testsuite ignored="1" hostname="Debayan_Laptop" failures="0" tests="1" name="Regression1" time="17.384" errors="0" timestamp="2023-05-23T20:22:33 IST">
  <testcase classname="Automation.POM.Test.TC01_Launch_Application_SignUpUser_Test" name="Launch_Application" time="15.362"/>
  <testcase classname="Automation.POM.framework.core.BaseClass" name="@BeforeSuite configureReportingStructure" time="0.0">
    <ignored/>
  </testcase> <!-- @BeforeSuite configureReportingStructure -->
</testsuite> <!-- Regression1 -->
