<?xml version="1.0" encoding="UTF-8"?>
<!-- Generated by org.testng.reporters.JUnitXMLReporter -->
<testsuite ignored="1" hostname="Debayan_Laptop" failures="0" tests="2" name="regression" time="76.752" errors="0" timestamp="2023-06-05T22:58:00 IST">
  <testcase classname="Automation.POM.Test.TC01_Launch_Application_SignUpUser_Test" name="Launch_Application" time="50.816"/>
  <testcase classname="Automation.POM.Test.TC02_SignIn_Application_CaptureServices_Test" name="Launch_Application" time="23.106"/>
  <testcase classname="Automation.POM.framework.core.BaseClass" name="@BeforeSuite configureReportingStructure" time="0.0">
    <ignored/>
  </testcase> <!-- @BeforeSuite configureReportingStructure -->
</testsuite> <!-- regression -->
