<?xml version="1.0" encoding="UTF-8"?>
<testng-results ignored="0" total="1" passed="1" failed="0" skipped="0">
  <reporter-output>
  </reporter-output>
  <suite started-at="2023-06-04T18:53:53 IST" name="Default suite" finished-at="2023-06-04T18:54:39 IST" duration-ms="46126">
    <groups>
    </groups>
    <test started-at="2023-06-04T18:53:53 IST" name="Default test" finished-at="2023-06-04T18:54:39 IST" duration-ms="46126">
      <class name="Automation.POM.Test.TC02_SignIn_Application_CaptureServices_Test">
        <test-method is-config="true" signature="configureReportingStructure()[pri:0, instance:Automation.POM.Test.TC02_SignIn_Application_CaptureServices_Test@5bf0fe62]" started-at="2023-06-04T18:53:53 IST" name="configureReportingStructure" finished-at="2023-06-04T18:53:53 IST" duration-ms="426" status="PASS">
          <reporter-output>
          </reporter-output>
        </test-method> <!-- configureReportingStructure -->
        <test-method is-config="true" signature="setUpConfig()[pri:0, instance:Automation.POM.Test.TC02_SignIn_Application_CaptureServices_Test@5bf0fe62]" started-at="2023-06-04T18:53:53 IST" name="setUpConfig" finished-at="2023-06-04T18:53:55 IST" duration-ms="1891" status="PASS">
          <reporter-output>
          </reporter-output>
        </test-method> <!-- setUpConfig -->
        <test-method signature="Launch_Application(java.util.Hashtable,org.testng.ITestContext)[pri:0, instance:Automation.POM.Test.TC02_SignIn_Application_CaptureServices_Test@5bf0fe62]" started-at="2023-06-04T18:53:55 IST" name="Launch_Application" data-provider="testDataProvider" finished-at="2023-06-04T18:54:14 IST" duration-ms="18494" status="PASS">
          <params>
            <param index="0">
              <value>
                <![CDATA[{Medium=Web, Phone=, Email=, Execute=Y, UserName=, Address=, Password=, TestCase Name=TC02_SignIn_Application_CaptureServices_Test, LastName=, City=, FirstName=, P-code=, State=, Country=, Browser=Edge, ConfirmPasswrd=}]]>
              </value>
            </param>
            <param index="1">
              <value>
                <![CDATA[org.testng.TestRunner@4c1bdcc2]]>
              </value>
            </param>
          </params>
          <reporter-output>
          </reporter-output>
        </test-method> <!-- Launch_Application -->
        <test-method is-config="true" signature="generateReport()[pri:0, instance:Automation.POM.Test.TC02_SignIn_Application_CaptureServices_Test@5bf0fe62]" started-at="2023-06-04T18:54:14 IST" name="generateReport" finished-at="2023-06-04T18:54:39 IST" duration-ms="25534" status="PASS">
          <reporter-output>
          </reporter-output>
        </test-method> <!-- generateReport -->
      </class> <!-- Automation.POM.Test.TC02_SignIn_Application_CaptureServices_Test -->
    </test> <!-- Default test -->
  </suite> <!-- Default suite -->
</testng-results>
